<?xml version="1.0" encoding="UTF-8"?>
<!-- Generated by org.testng.reporters.JUnitReportReporter -->
<testsuite hostname="Vineeths-Air.home" failures="0" tests="1" name="testRunner.testRunner" time="7.177" errors="0" timestamp="2023-05-08T11:56:26 EDT" skipped="0">
  <testcase classname="testRunner.testRunner" name="runScenario" time="7.177"/>
  <system-out/>
</testsuite> <!-- testRunner.testRunner -->
